Start testing: Aug 18 18:15 EET
----------------------------------------------------------
1/3 Testing: test
1/3 Test: test
Command: "/home/hp/FlashMem/build/test/test_tests"
Directory: /home/hp/FlashMem/build/test
"test" start time: Aug 18 18:15 EET
Output:
----------------------------------------------------------
[==========] Running 1 test from 1 test case.
[----------] Global test environment set-up.
[----------] 1 test from ReadTest
[ RUN      ] ReadTest.checkDataIsWritten
[       OK ] ReadTest.checkDataIsWritten (3262 ms)
[----------] 1 test from ReadTest (3262 ms total)

[----------] Global test environment tear-down
[==========] 1 test from 1 test case ran. (3262 ms total)
[  PASSED  ] 1 test.
<end of output>
Test time =   3.27 sec
----------------------------------------------------------
Test Passed.
"test" end time: Aug 18 18:15 EET
"test" time elapsed: 00:00:03
----------------------------------------------------------

2/3 Testing: test2
2/3 Test: test2
Command: "/home/hp/FlashMem/build/test/test2_tests"
Directory: /home/hp/FlashMem/build/test
"test2" start time: Aug 18 18:15 EET
Output:
----------------------------------------------------------
[==========] Running 1 test from 1 test case.
[----------] Global test environment set-up.
[----------] 1 test from CheckStatus
[ RUN      ] CheckStatus.checkstatus
[       OK ] CheckStatus.checkstatus (0 ms)
[----------] 1 test from CheckStatus (0 ms total)

[----------] Global test environment tear-down
[==========] 1 test from 1 test case ran. (0 ms total)
[  PASSED  ] 1 test.
<end of output>
Test time =   0.01 sec
----------------------------------------------------------
Test Passed.
"test2" end time: Aug 18 18:15 EET
"test2" time elapsed: 00:00:00
----------------------------------------------------------

3/3 Testing: test3
3/3 Test: test3
Command: "/home/hp/FlashMem/build/test/test3_tests"
Directory: /home/hp/FlashMem/build/test
"test3" start time: Aug 18 18:15 EET
Output:
----------------------------------------------------------
[==========] Running 1 test from 1 test case.
[----------] Global test environment set-up.
[----------] 1 test from WriteTest
[ RUN      ] WriteTest.checkadress
[       OK ] WriteTest.checkadress (0 ms)
[----------] 1 test from WriteTest (0 ms total)

[----------] Global test environment tear-down
[==========] 1 test from 1 test case ran. (0 ms total)
[  PASSED  ] 1 test.
<end of output>
Test time =   0.01 sec
----------------------------------------------------------
Test Passed.
"test3" end time: Aug 18 18:15 EET
"test3" time elapsed: 00:00:00
----------------------------------------------------------

End testing: Aug 18 18:15 EET
